<?xml version="1.0" encoding="UTF-8"?>
<!-- Generated by org.testng.reporters.JUnitReportReporter -->
<testsuite skipped="0" hostname="Mohammads-Air" name="com.adidas.qa.tests.ABC" tests="1" failures="0" timestamp="18 Sep 2020 15:13:23 GMT" time="0.104" errors="0">
  <testcase name="abc" time="0.104" classname="com.adidas.qa.tests.ABC"/>
</testsuite> <!-- com.adidas.qa.tests.ABC -->
