<?xml version="1.0" encoding="UTF-8"?>
<!-- Generated by org.testng.reporters.JUnitReportReporter -->
<testsuite skipped="0" hostname="Mohammads-Air" name="com.adidas.qa.test.testdata.HomePageTest" tests="3" failures="0" timestamp="18 Sep 2020 15:13:52 GMT" time="1.098" errors="0">
  <testcase name="verifyHomePageTitleTest" time="0.026" classname="com.adidas.qa.test.testdata.HomePageTest"/>
  <testcase name="testSearchField" time="0.496" classname="com.adidas.qa.test.testdata.HomePageTest"/>
  <testcase name="verifyHomePageAppLogo" time="0.576" classname="com.adidas.qa.test.testdata.HomePageTest"/>
</testsuite> <!-- com.adidas.qa.test.testdata.HomePageTest -->
