<?xml version="1.0" encoding="UTF-8"?>
<!-- Generated by org.testng.reporters.JUnitReportReporter -->
<testsuite skipped="24" hostname="Mohammads-Air" name="com.adidas.qa.tests.HomePageTest" tests="26" failures="0" timestamp="02 Nov 2020 03:36:27 GMT" time="20.699" errors="0">
  <testcase name="selectAppliances" time="9.783" classname="com.adidas.qa.tests.HomePageTest"/>
  <testcase name="testListOfAboutUs" time="10.916" classname="com.adidas.qa.tests.HomePageTest"/>
  <testcase name="testSearchItem3" classname="com.adidas.qa.tests.HomePageTest">
    <skipped/>
  </testcase> <!-- testSearchItem3 -->
  <testcase name="testSearchItem1" classname="com.adidas.qa.tests.HomePageTest">
    <skipped/>
  </testcase> <!-- testSearchItem1 -->
  <testcase name="testMen" classname="com.adidas.qa.tests.HomePageTest">
    <skipped/>
  </testcase> <!-- testMen -->
  <testcase name="ourLocationsTest0" classname="com.adidas.qa.tests.HomePageTest">
    <skipped/>
  </testcase> <!-- ourLocationsTest0 -->
  <testcase name="findADocotorByPrimaryCareTest" classname="com.adidas.qa.tests.HomePageTest">
    <skipped/>
  </testcase> <!-- findADocotorByPrimaryCareTest -->
  <testcase name="testOrderTracker1" classname="com.adidas.qa.tests.HomePageTest">
    <skipped/>
  </testcase> <!-- testOrderTracker1 -->
  <testcase name="testAnotherWebsite1" classname="com.adidas.qa.tests.HomePageTest">
    <skipped/>
  </testcase> <!-- testAnotherWebsite1 -->
  <testcase name="searchButtonTest1" classname="com.adidas.qa.tests.HomePageTest">
    <skipped/>
  </testcase> <!-- searchButtonTest1 -->
  <testcase name="sendKeysToAmazonSearch" classname="com.adidas.qa.tests.HomePageTest">
    <skipped/>
  </testcase> <!-- sendKeysToAmazonSearch -->
  <testcase name="testAnotherWebsite2" classname="com.adidas.qa.tests.HomePageTest">
    <skipped/>
  </testcase> <!-- testAnotherWebsite2 -->
  <testcase name="testAnotherWebsite3" classname="com.adidas.qa.tests.HomePageTest">
    <skipped/>
  </testcase> <!-- testAnotherWebsite3 -->
  <testcase name="testAboutUs" classname="com.adidas.qa.tests.HomePageTest">
    <skipped/>
  </testcase> <!-- testAboutUs -->
  <testcase name="urgentCareTest" classname="com.adidas.qa.tests.HomePageTest">
    <skipped/>
  </testcase> <!-- urgentCareTest -->
  <testcase name="selectArtsCraftsAndSewing" classname="com.adidas.qa.tests.HomePageTest">
    <skipped/>
  </testcase> <!-- selectArtsCraftsAndSewing -->
  <testcase name="selectAlexaSkillsTest" classname="com.adidas.qa.tests.HomePageTest">
    <skipped/>
  </testcase> <!-- selectAlexaSkillsTest -->
  <testcase name="verifyHomePageAppLogo" classname="com.adidas.qa.tests.HomePageTest">
    <skipped/>
  </testcase> <!-- verifyHomePageAppLogo -->
  <testcase name="searchButtonTest2" classname="com.adidas.qa.tests.HomePageTest">
    <skipped/>
  </testcase> <!-- searchButtonTest2 -->
  <testcase name="testSearchField" classname="com.adidas.qa.tests.HomePageTest">
    <skipped/>
  </testcase> <!-- testSearchField -->
  <testcase name="testExchange" classname="com.adidas.qa.tests.HomePageTest">
    <skipped/>
  </testcase> <!-- testExchange -->
  <testcase name="testOrderTracker2" classname="com.adidas.qa.tests.HomePageTest">
    <skipped/>
  </testcase> <!-- testOrderTracker2 -->
  <testcase name="verifyHomePageTitleTest" classname="com.adidas.qa.tests.HomePageTest">
    <skipped/>
  </testcase> <!-- verifyHomePageTitleTest -->
  <testcase name="testSearchItem2" classname="com.adidas.qa.tests.HomePageTest">
    <skipped/>
  </testcase> <!-- testSearchItem2 -->
  <testcase name="testMen2" classname="com.adidas.qa.tests.HomePageTest">
    <skipped/>
  </testcase> <!-- testMen2 -->
  <testcase name="testHelp" classname="com.adidas.qa.tests.HomePageTest">
    <skipped/>
  </testcase> <!-- testHelp -->
</testsuite> <!-- com.adidas.qa.tests.HomePageTest -->
