<?xml version="1.0" encoding="UTF-8"?>
<!-- Generated by org.testng.reporters.JUnitReportReporter -->
<testsuite skipped="0" hostname="Mohammads-Air" name="testDataProviderUtilityWithXlsReader.TestLogInByXls" tests="3" failures="0" timestamp="16 Nov 2020 01:42:30 GMT" time="99.425" errors="0">
  <testcase name="loginTestWithDataProvider" time="34.920" classname="testDataProviderUtilityWithXlsReader.TestLogInByXls"/>
  <testcase name="loginTestWithDataProvider" time="30.725" classname="testDataProviderUtilityWithXlsReader.TestLogInByXls"/>
  <testcase name="loginTestWithDataProvider" time="33.780" classname="testDataProviderUtilityWithXlsReader.TestLogInByXls"/>
</testsuite> <!-- testDataProviderUtilityWithXlsReader.TestLogInByXls -->
