<?xml version="1.0" encoding="UTF-8"?>
<!-- Generated by org.testng.reporters.JUnitReportReporter -->
<testsuite skipped="13" hostname="Mohammads-Air" name="com.adidas.qa.tests.HomePageTest" tests="14" failures="0" timestamp="12 Oct 2020 02:29:55 GMT" time="14.048" errors="0">
  <testcase name="testAnotherWebsite3" time="14.048" classname="com.adidas.qa.tests.HomePageTest"/>
  <testcase name="testSearchItem3" classname="com.adidas.qa.tests.HomePageTest">
    <skipped/>
  </testcase> <!-- testSearchItem3 -->
  <testcase name="testSearchItem1" classname="com.adidas.qa.tests.HomePageTest">
    <skipped/>
  </testcase> <!-- testSearchItem1 -->
  <testcase name="testMen" classname="com.adidas.qa.tests.HomePageTest">
    <skipped/>
  </testcase> <!-- testMen -->
  <testcase name="testOrderTracker1" classname="com.adidas.qa.tests.HomePageTest">
    <skipped/>
  </testcase> <!-- testOrderTracker1 -->
  <testcase name="testAnotherWebsite1" classname="com.adidas.qa.tests.HomePageTest">
    <skipped/>
  </testcase> <!-- testAnotherWebsite1 -->
  <testcase name="testAnotherWebsite2" classname="com.adidas.qa.tests.HomePageTest">
    <skipped/>
  </testcase> <!-- testAnotherWebsite2 -->
  <testcase name="verifyHomePageAppLogo" classname="com.adidas.qa.tests.HomePageTest">
    <skipped/>
  </testcase> <!-- verifyHomePageAppLogo -->
  <testcase name="testSearchField" classname="com.adidas.qa.tests.HomePageTest">
    <skipped/>
  </testcase> <!-- testSearchField -->
  <testcase name="testExchange" classname="com.adidas.qa.tests.HomePageTest">
    <skipped/>
  </testcase> <!-- testExchange -->
  <testcase name="testOrderTracker2" classname="com.adidas.qa.tests.HomePageTest">
    <skipped/>
  </testcase> <!-- testOrderTracker2 -->
  <testcase name="verifyHomePageTitleTest" classname="com.adidas.qa.tests.HomePageTest">
    <skipped/>
  </testcase> <!-- verifyHomePageTitleTest -->
  <testcase name="testSearchItem2" classname="com.adidas.qa.tests.HomePageTest">
    <skipped/>
  </testcase> <!-- testSearchItem2 -->
  <testcase name="testHelp" classname="com.adidas.qa.tests.HomePageTest">
    <skipped/>
  </testcase> <!-- testHelp -->
</testsuite> <!-- com.adidas.qa.tests.HomePageTest -->
